Removed Pin From Net: NetName=SENSOR-6 Pin=K1_U6-1
Removed Pin From Net: NetName=NetK1_U5_5 Pin=K1_U6-4
Removed Pin From Net: NetName=NetK1_U5_6 Pin=K1_U6-7
Removed Pin From Net: NetName=SDX-O6 Pin=K1_U6-8
Removed Pin From Net: NetName=COMMON Pin=K1_U6-9
Removed Pin From Net: NetName=GND Pin=K1_U6-10
Removed Pin From Net: NetName=COMMON Pin=K1_U7-9
Removed Pin From Net: NetName=GND Pin=K1_U7-10
Removed Pin From Net: NetName=COMMON Pin=K1_U8-9
Removed Pin From Net: NetName=GND Pin=K1_U8-10
Change Component Footprint: Designator=J1 Old Footprint=SHDR9W130P0X500_1X9_4500X820X1020P New Footprint=SHDR6W100P0X500_1X6_3000X820X1000P
Change Component Footprint: Designator=J2 Old Footprint=SHDR9W130P0X500_1X9_4500X820X1020P New Footprint=SHDR6W100P0X500_1X6_3000X820X1000P
Change Component Comment : Designator=J1 Old Comment=282836-9 New Comment=282836-6
Change Component Comment : Designator=J2 Old Comment=282836-9 New Comment=282836-6
Change component parameters: Designator = "J1"; Footprint = "SHDR6W100P0X500_1X6_3000X820X1000P"; UniqueID = "\NEZMGSQQ"
Change component parameters. Clean all parameters for all variants
Change component parameters (AddParameter): Name = "Allied_Number"; Value = "70088849"; VariantName = "[No Variations]"
Change component parameters (AddParameter): Name = "Allied Price/Stock"; Value = "https://www.alliedelec.com/te-connectivity-282836-6/70088849/"; VariantName = "[No Variations]"
Change component parameters (AddParameter): Name = "Datasheet Link"; Value = "http://www.mouser.com/ds/2/418/NG_CD_282836_H10-625726.pdf"; VariantName = "[No Variations]"
Change component parameters (AddParameter): Name = "Height"; Value = "10mm"; VariantName = "[No Variations]"
Change component parameters (AddParameter): Name = "Manufacturer_Name"; Value = "TE Connectivity"; VariantName = "[No Variations]"
Change component parameters (AddParameter): Name = "Manufacturer_Part_Number"; Value = "282836-6"; VariantName = "[No Variations]"
Change component parameters (AddParameter): Name = "Mouser Part Number"; Value = "571-2828366"; VariantName = "[No Variations]"
Change component parameters (AddParameter): Name = "Mouser Price/Stock"; Value = "https://www.mouser.com/Search/Refine.aspx?Keyword=571-2828366"; VariantName = "[No Variations]"
Change component parameters (AddParameter): Name = "RS Part Number"; Value = "3617702"; VariantName = "[No Variations]"
Change component parameters (AddParameter): Name = "RS Price/Stock"; Value = "http://uk.rs-online.com/web/p/products/3617702"; VariantName = "[No Variations]"
Change component parameters: Designator = "J2"; Footprint = "SHDR6W100P0X500_1X6_3000X820X1000P"; UniqueID = "\UAPAYBVY"
Change component parameters. Clean all parameters for all variants
Change component parameters (AddParameter): Name = "Allied_Number"; Value = "70088849"; VariantName = "[No Variations]"
Change component parameters (AddParameter): Name = "Allied Price/Stock"; Value = "https://www.alliedelec.com/te-connectivity-282836-6/70088849/"; VariantName = "[No Variations]"
Change component parameters (AddParameter): Name = "Datasheet Link"; Value = "http://www.mouser.com/ds/2/418/NG_CD_282836_H10-625726.pdf"; VariantName = "[No Variations]"
Change component parameters (AddParameter): Name = "Height"; Value = "10mm"; VariantName = "[No Variations]"
Change component parameters (AddParameter): Name = "Manufacturer_Name"; Value = "TE Connectivity"; VariantName = "[No Variations]"
Change component parameters (AddParameter): Name = "Manufacturer_Part_Number"; Value = "282836-6"; VariantName = "[No Variations]"
Change component parameters (AddParameter): Name = "Mouser Part Number"; Value = "571-2828366"; VariantName = "[No Variations]"
Change component parameters (AddParameter): Name = "Mouser Price/Stock"; Value = "https://www.mouser.com/Search/Refine.aspx?Keyword=571-2828366"; VariantName = "[No Variations]"
Change component parameters (AddParameter): Name = "RS Part Number"; Value = "3617702"; VariantName = "[No Variations]"
Change component parameters (AddParameter): Name = "RS Price/Stock"; Value = "http://uk.rs-online.com/web/p/products/3617702"; VariantName = "[No Variations]"
Added Pin To Net: NetName=SENSOR-6 Pin=K1_U9-1
Added Pin To Net: NetName=NetK1_U5_5 Pin=K1_U9-4
Added Pin To Net: NetName=NetK1_U5_6 Pin=K1_U9-7
Added Pin To Net: NetName=SDX-O6 Pin=K1_U9-8
Added Member To Class: ClassName=Safety-Relay-Schematic Member=Component J1 282836-6
Added Member To Class: ClassName=Safety-Relay-Schematic Member=Component J2 282836-6
