Added Component: Designator=J2(SHDR9W120P0X500_1X9_4700X1200X860P)
Add component. Clean all parameters for all variants
Add component (AddParameter): Name = "Datasheet Link"; Value = "https://docs-emea.rs-online.com/webdocs/13aa/0900766b813aa39b.pdf"; VariantName = "[No Variations]"
Add component (AddParameter): Name = "Height"; Value = "8.6mm"; VariantName = "[No Variations]"
Add component (AddParameter): Name = "Manufacturer_Name"; Value = "Phoenix Contact"; VariantName = "[No Variations]"
Add component (AddParameter): Name = "Manufacturer_Part_Number"; Value = "1923827"; VariantName = "[No Variations]"
Add component (AddParameter): Name = "Mouser Part Number"; Value = ""; VariantName = "[No Variations]"
Add component (AddParameter): Name = "Mouser Price/Stock"; Value = ""; VariantName = "[No Variations]"
Add component (AddParameter): Name = "RS Part Number"; Value = "8598287"; VariantName = "[No Variations]"
Add component (AddParameter): Name = "RS Price/Stock"; Value = "https://uk.rs-online.com/web/p/products/8598287"; VariantName = "[No Variations]"
Added Pin To Net: NetName=SENSOR-1 Pin=J2-1
Added Pin To Net: NetName=SENSOR-2 Pin=J2-2
Added Pin To Net: NetName=SENSOR-3 Pin=J2-3
Added Pin To Net: NetName=SENSOR-4 Pin=J2-4
Added Pin To Net: NetName=SENSOR-5 Pin=J2-5
Added Pin To Net: NetName=SENSOR-6 Pin=J2-6
Added Pin To Net: NetName=SENSOR-7 Pin=J2-7
Added Pin To Net: NetName=SENSOR-8 Pin=J2-8
Added Pin To Net: NetName=SENSOR-9 Pin=J2-9
Added Member To Class: ClassName=Safety-Relay-Schematic Member=Component J2 1923827
Added Room: Name=Safety-Relay-Schematic
Added Room: Name=U1
Added Room: Name=U2
Added Room: Name=U3
Added Room: Name=U4
Added Room: Name=U5
Added Room: Name=U6
Added Room: Name=U7
Added Room: Name=U8
Added Room: Name=U9
